[07-Jun-2019 20:05:35 UTC] PHP Fatal error:  Uncaught exception 'Mailgun\Connection\Exceptions\MissingEndpoint' with message 'The endpoint you've tried to access does not exist. Check if the domain matches the domain you have configure on Mailgun. Domain not found: your_domain_name' in /home/ubuntu/workspace/pan_q_ayuda/libraries/vendor/mailgun/mailgun-php/src/Mailgun/Connection/RestClient.php:258
Stack trace:
#0 /home/ubuntu/workspace/pan_q_ayuda/libraries/vendor/mailgun/mailgun-php/src/Mailgun/Connection/RestClient.php(110): Mailgun\Connection\RestClient->responseHandler(Object(GuzzleHttp\Psr7\Response))
#1 /home/ubuntu/workspace/pan_q_ayuda/libraries/vendor/mailgun/mailgun-php/src/Mailgun/Connection/RestClient.php(179): Mailgun\Connection\RestClient->send('POST', 'YOUR_DOMAIN_NAM...', Array, Array)
#2 /home/ubuntu/workspace/pan_q_ayuda/libraries/vendor/mailgun/mailgun-php/src/Mailgun/Mailgun.php(208): Mailgun\Connection\RestClient->post('YOUR_DOMAIN_NAM...', Array, Array)
#3 /home/ubuntu/workspace/pan_q_ayuda/libraries/vendor/mailgun/mailgun-php/src/ in /home/ubuntu/workspace/pan_q_ayuda/libraries/vendor/mailgun/mailgun-php/src/Mailgun/Connection/RestClient.php on line 258
[07-Jun-2019 20:05:47 UTC] PHP Fatal error:  Uncaught exception 'Mailgun\Connection\Exceptions\MissingEndpoint' with message 'The endpoint you've tried to access does not exist. Check if the domain matches the domain you have configure on Mailgun. Domain not found: your_domain_name' in /home/ubuntu/workspace/pan_q_ayuda/libraries/vendor/mailgun/mailgun-php/src/Mailgun/Connection/RestClient.php:258
Stack trace:
#0 /home/ubuntu/workspace/pan_q_ayuda/libraries/vendor/mailgun/mailgun-php/src/Mailgun/Connection/RestClient.php(110): Mailgun\Connection\RestClient->responseHandler(Object(GuzzleHttp\Psr7\Response))
#1 /home/ubuntu/workspace/pan_q_ayuda/libraries/vendor/mailgun/mailgun-php/src/Mailgun/Connection/RestClient.php(179): Mailgun\Connection\RestClient->send('POST', 'YOUR_DOMAIN_NAM...', Array, Array)
#2 /home/ubuntu/workspace/pan_q_ayuda/libraries/vendor/mailgun/mailgun-php/src/Mailgun/Mailgun.php(208): Mailgun\Connection\RestClient->post('YOUR_DOMAIN_NAM...', Array, Array)
#3 /home/ubuntu/workspace/pan_q_ayuda/libraries/vendor/mailgun/mailgun-php/src/ in /home/ubuntu/workspace/pan_q_ayuda/libraries/vendor/mailgun/mailgun-php/src/Mailgun/Connection/RestClient.php on line 258
[07-Jun-2019 20:06:56 UTC] PHP Fatal error:  Class 'Mailgun' not found in /home/ubuntu/workspace/pan_q_ayuda/controllers/OperacionesContacto.php on line 7
[07-Jun-2019 20:06:56 UTC] PHP Stack trace:
[07-Jun-2019 20:06:56 UTC] PHP   1. {main}() /home/ubuntu/workspace/pan_q_ayuda/controllers/OperacionesContacto.php:0
[07-Jun-2019 20:07:50 UTC] PHP Warning:  The use statement with non-compound name 'MailgunMailgun' has no effect in /home/ubuntu/workspace/pan_q_ayuda/controllers/OperacionesContacto.php on line 6
[07-Jun-2019 20:07:50 UTC] PHP Fatal error:  Class 'Mailgun' not found in /home/ubuntu/workspace/pan_q_ayuda/controllers/OperacionesContacto.php on line 8
[07-Jun-2019 20:07:50 UTC] PHP Stack trace:
[07-Jun-2019 20:07:50 UTC] PHP   1. {main}() /home/ubuntu/workspace/pan_q_ayuda/controllers/OperacionesContacto.php:0
[07-Jun-2019 20:21:59 UTC] PHP Fatal error:  Class 'Mailgun' not found in /home/ubuntu/workspace/pan_q_ayuda/controllers/OperacionesContacto.php on line 41
[07-Jun-2019 20:21:59 UTC] PHP Stack trace:
[07-Jun-2019 20:21:59 UTC] PHP   1. {main}() /home/ubuntu/workspace/pan_q_ayuda/controllers/OperacionesContacto.php:0
[07-Jun-2019 20:31:04 UTC] PHP Fatal error:  Class 'Mailgun' not found in /home/ubuntu/workspace/pan_q_ayuda/controllers/OperacionesContacto.php on line 41
[07-Jun-2019 20:31:04 UTC] PHP Stack trace:
[07-Jun-2019 20:31:04 UTC] PHP   1. {main}() /home/ubuntu/workspace/pan_q_ayuda/controllers/OperacionesContacto.php:0
[07-Jun-2019 20:53:42 UTC] PHP Fatal error:  Uncaught exception 'Mailgun\Connection\Exceptions\MissingRequiredParameters' with message 'The parameters passed to the API were invalid. Check your inputs! The domain is unverified and requires DNS configuration. Log in to your control panel to view required DNS records.' in /home/ubuntu/workspace/pan_q_ayuda/libraries/vendor/mailgun/mailgun-php/src/Mailgun/Connection/RestClient.php:254
Stack trace:
#0 /home/ubuntu/workspace/pan_q_ayuda/libraries/vendor/mailgun/mailgun-php/src/Mailgun/Connection/RestClient.php(110): Mailgun\Connection\RestClient->responseHandler(Object(GuzzleHttp\Psr7\Response))
#1 /home/ubuntu/workspace/pan_q_ayuda/libraries/vendor/mailgun/mailgun-php/src/Mailgun/Connection/RestClient.php(179): Mailgun\Connection\RestClient->send('POST', 'panqayuda.com.m...', Array, Array)
#2 /home/ubuntu/workspace/pan_q_ayuda/libraries/vendor/mailgun/mailgun-php/src/Mailgun/Mailgun.php(208): Mailgun\Connection\RestClient->post('panqayuda.com.m...', Array, Array)
#3 /home/ubuntu/workspace/pan_q_ayuda/librar in /home/ubuntu/workspace/pan_q_ayuda/libraries/vendor/mailgun/mailgun-php/src/Mailgun/Connection/RestClient.php on line 254
[07-Jun-2019 20:54:03 UTC] PHP Fatal error:  Uncaught exception 'Mailgun\Connection\Exceptions\MissingRequiredParameters' with message 'The parameters passed to the API were invalid. Check your inputs! The domain is unverified and requires DNS configuration. Log in to your control panel to view required DNS records.' in /home/ubuntu/workspace/pan_q_ayuda/libraries/vendor/mailgun/mailgun-php/src/Mailgun/Connection/RestClient.php:254
Stack trace:
#0 /home/ubuntu/workspace/pan_q_ayuda/libraries/vendor/mailgun/mailgun-php/src/Mailgun/Connection/RestClient.php(110): Mailgun\Connection\RestClient->responseHandler(Object(GuzzleHttp\Psr7\Response))
#1 /home/ubuntu/workspace/pan_q_ayuda/libraries/vendor/mailgun/mailgun-php/src/Mailgun/Connection/RestClient.php(179): Mailgun\Connection\RestClient->send('POST', 'panqayuda.com.m...', Array, Array)
#2 /home/ubuntu/workspace/pan_q_ayuda/libraries/vendor/mailgun/mailgun-php/src/Mailgun/Mailgun.php(208): Mailgun\Connection\RestClient->post('panqayuda.com.m...', Array, Array)
#3 /home/ubuntu/workspace/pan_q_ayuda/librar in /home/ubuntu/workspace/pan_q_ayuda/libraries/vendor/mailgun/mailgun-php/src/Mailgun/Connection/RestClient.php on line 254
[07-Jun-2019 20:54:23 UTC] PHP Fatal error:  Uncaught exception 'Mailgun\Connection\Exceptions\MissingRequiredParameters' with message 'The parameters passed to the API were invalid. Check your inputs! The domain is unverified and requires DNS configuration. Log in to your control panel to view required DNS records.' in /home/ubuntu/workspace/pan_q_ayuda/libraries/vendor/mailgun/mailgun-php/src/Mailgun/Connection/RestClient.php:254
Stack trace:
#0 /home/ubuntu/workspace/pan_q_ayuda/libraries/vendor/mailgun/mailgun-php/src/Mailgun/Connection/RestClient.php(110): Mailgun\Connection\RestClient->responseHandler(Object(GuzzleHttp\Psr7\Response))
#1 /home/ubuntu/workspace/pan_q_ayuda/libraries/vendor/mailgun/mailgun-php/src/Mailgun/Connection/RestClient.php(179): Mailgun\Connection\RestClient->send('POST', 'panqayuda.com.m...', Array, Array)
#2 /home/ubuntu/workspace/pan_q_ayuda/libraries/vendor/mailgun/mailgun-php/src/Mailgun/Mailgun.php(208): Mailgun\Connection\RestClient->post('panqayuda.com.m...', Array, Array)
#3 /home/ubuntu/workspace/pan_q_ayuda/librar in /home/ubuntu/workspace/pan_q_ayuda/libraries/vendor/mailgun/mailgun-php/src/Mailgun/Connection/RestClient.php on line 254
[07-Jun-2019 20:54:36 UTC] PHP Fatal error:  Uncaught exception 'Mailgun\Connection\Exceptions\MissingRequiredParameters' with message 'The parameters passed to the API were invalid. Check your inputs! The domain is unverified and requires DNS configuration. Log in to your control panel to view required DNS records.' in /home/ubuntu/workspace/pan_q_ayuda/libraries/vendor/mailgun/mailgun-php/src/Mailgun/Connection/RestClient.php:254
Stack trace:
#0 /home/ubuntu/workspace/pan_q_ayuda/libraries/vendor/mailgun/mailgun-php/src/Mailgun/Connection/RestClient.php(110): Mailgun\Connection\RestClient->responseHandler(Object(GuzzleHttp\Psr7\Response))
#1 /home/ubuntu/workspace/pan_q_ayuda/libraries/vendor/mailgun/mailgun-php/src/Mailgun/Connection/RestClient.php(179): Mailgun\Connection\RestClient->send('POST', 'panqayuda.com.m...', Array, Array)
#2 /home/ubuntu/workspace/pan_q_ayuda/libraries/vendor/mailgun/mailgun-php/src/Mailgun/Mailgun.php(208): Mailgun\Connection\RestClient->post('panqayuda.com.m...', Array, Array)
#3 /home/ubuntu/workspace/pan_q_ayuda/librar in /home/ubuntu/workspace/pan_q_ayuda/libraries/vendor/mailgun/mailgun-php/src/Mailgun/Connection/RestClient.php on line 254
[07-Jun-2019 22:02:37 UTC] PHP Fatal error:  Uncaught exception 'Mailgun\Connection\Exceptions\MissingRequiredParameters' with message 'The parameters passed to the API were invalid. Check your inputs! The domain is unverified and requires DNS configuration. Log in to your control panel to view required DNS records.' in /home/ubuntu/workspace/pan_q_ayuda/libraries/vendor/mailgun/mailgun-php/src/Mailgun/Connection/RestClient.php:254
Stack trace:
#0 /home/ubuntu/workspace/pan_q_ayuda/libraries/vendor/mailgun/mailgun-php/src/Mailgun/Connection/RestClient.php(110): Mailgun\Connection\RestClient->responseHandler(Object(GuzzleHttp\Psr7\Response))
#1 /home/ubuntu/workspace/pan_q_ayuda/libraries/vendor/mailgun/mailgun-php/src/Mailgun/Connection/RestClient.php(179): Mailgun\Connection\RestClient->send('POST', 'panqayuda.com.m...', Array, Array)
#2 /home/ubuntu/workspace/pan_q_ayuda/libraries/vendor/mailgun/mailgun-php/src/Mailgun/Mailgun.php(208): Mailgun\Connection\RestClient->post('panqayuda.com.m...', Array, Array)
#3 /home/ubuntu/workspace/pan_q_ayuda/librar in /home/ubuntu/workspace/pan_q_ayuda/libraries/vendor/mailgun/mailgun-php/src/Mailgun/Connection/RestClient.php on line 254
[07-Jun-2019 23:02:34 UTC] PHP Fatal error:  Call to undefined function lista_licencias() in /home/ubuntu/workspace/pan_q_ayuda/views/contacto.html on line 6
[07-Jun-2019 23:02:34 UTC] PHP Stack trace:
[07-Jun-2019 23:02:34 UTC] PHP   1. {main}() /home/ubuntu/workspace/pan_q_ayuda/controllers/OperacionesContacto.php:0
[07-Jun-2019 23:02:34 UTC] PHP   2. include() /home/ubuntu/workspace/pan_q_ayuda/controllers/OperacionesContacto.php:56
[07-Jun-2019 23:02:50 UTC] PHP Fatal error:  Call to undefined function lista_licencias() in /home/ubuntu/workspace/pan_q_ayuda/views/contacto.html on line 6
[07-Jun-2019 23:02:50 UTC] PHP Stack trace:
[07-Jun-2019 23:02:50 UTC] PHP   1. {main}() /home/ubuntu/workspace/pan_q_ayuda/controllers/OperacionesContacto.php:0
[07-Jun-2019 23:02:50 UTC] PHP   2. include() /home/ubuntu/workspace/pan_q_ayuda/controllers/OperacionesContacto.php:56
[07-Jun-2019 23:03:41 UTC] PHP Warning:  Missing argument 1 for resultado_email(), called in /home/ubuntu/workspace/pan_q_ayuda/views/contacto.html on line 6 and defined in /home/ubuntu/workspace/pan_q_ayuda/controllers/OperacionesContacto.php on line 48
[07-Jun-2019 23:03:41 UTC] PHP Stack trace:
[07-Jun-2019 23:03:41 UTC] PHP   1. {main}() /home/ubuntu/workspace/pan_q_ayuda/controllers/OperacionesContacto.php:0
[07-Jun-2019 23:03:41 UTC] PHP   2. include() /home/ubuntu/workspace/pan_q_ayuda/controllers/OperacionesContacto.php:56
[07-Jun-2019 23:03:41 UTC] PHP   3. resultado_email() /home/ubuntu/workspace/pan_q_ayuda/views/contacto.html:6
[07-Jun-2019 23:04:20 UTC] PHP Warning:  Missing argument 1 for resultado_email(), called in /home/ubuntu/workspace/pan_q_ayuda/views/contacto.html on line 6 and defined in /home/ubuntu/workspace/pan_q_ayuda/controllers/OperacionesContacto.php on line 48
[07-Jun-2019 23:04:20 UTC] PHP Stack trace:
[07-Jun-2019 23:04:20 UTC] PHP   1. {main}() /home/ubuntu/workspace/pan_q_ayuda/controllers/OperacionesContacto.php:0
[07-Jun-2019 23:04:20 UTC] PHP   2. include() /home/ubuntu/workspace/pan_q_ayuda/controllers/OperacionesContacto.php:56
[07-Jun-2019 23:04:20 UTC] PHP   3. resultado_email() /home/ubuntu/workspace/pan_q_ayuda/views/contacto.html:6
[07-Jun-2019 23:05:11 UTC] PHP Warning:  Missing argument 1 for resultado_email(), called in /home/ubuntu/workspace/pan_q_ayuda/views/contacto.html on line 6 and defined in /home/ubuntu/workspace/pan_q_ayuda/controllers/OperacionesContacto.php on line 48
[07-Jun-2019 23:05:11 UTC] PHP Stack trace:
[07-Jun-2019 23:05:11 UTC] PHP   1. {main}() /home/ubuntu/workspace/pan_q_ayuda/controllers/OperacionesContacto.php:0
[07-Jun-2019 23:05:11 UTC] PHP   2. include() /home/ubuntu/workspace/pan_q_ayuda/controllers/OperacionesContacto.php:56
[07-Jun-2019 23:05:11 UTC] PHP   3. resultado_email() /home/ubuntu/workspace/pan_q_ayuda/views/contacto.html:6
[07-Jun-2019 23:05:20 UTC] PHP Warning:  Missing argument 1 for resultado_email(), called in /home/ubuntu/workspace/pan_q_ayuda/views/contacto.html on line 6 and defined in /home/ubuntu/workspace/pan_q_ayuda/controllers/OperacionesContacto.php on line 48
[07-Jun-2019 23:05:20 UTC] PHP Stack trace:
[07-Jun-2019 23:05:20 UTC] PHP   1. {main}() /home/ubuntu/workspace/pan_q_ayuda/controllers/OperacionesContacto.php:0
[07-Jun-2019 23:05:20 UTC] PHP   2. include() /home/ubuntu/workspace/pan_q_ayuda/controllers/OperacionesContacto.php:56
[07-Jun-2019 23:05:20 UTC] PHP   3. resultado_email() /home/ubuntu/workspace/pan_q_ayuda/views/contacto.html:6
